2025-12-05 12:19:31.539  INFO 8688 --- [restartedMain] com.instagram.BackEndApplication         : Starting BackEndApplication using Java 21.0.8 with PID 8688 (E:\project\instagram-clone\back-end\build\classes\java\main started by TJ in E:\project\instagram-clone\back-end)
2025-12-05 12:19:31.542  INFO 8688 --- [restartedMain] com.instagram.BackEndApplication         : No active profile set, falling back to 1 default profile: "default"
2025-12-05 12:19:31.588  INFO 8688 --- [restartedMain] .e.DevToolsPropertyDefaultsPostProcessor : Devtools property defaults active! Set 'spring.devtools.add-properties' to 'false' to disable
2025-12-05 12:19:31.588  INFO 8688 --- [restartedMain] .e.DevToolsPropertyDefaultsPostProcessor : For additional web related logging consider setting the 'logging.level.web' property to 'DEBUG'
2025-12-05 12:19:32.978  INFO 8688 --- [restartedMain] .s.d.r.c.RepositoryConfigurationDelegate : Bootstrapping Spring Data JPA repositories in DEFAULT mode.
2025-12-05 12:19:32.999  INFO 8688 --- [restartedMain] .s.d.r.c.RepositoryConfigurationDelegate : Finished Spring Data repository scanning in 10 ms. Found 0 JPA repository interfaces.
2025-12-05 12:19:34.091  INFO 8688 --- [restartedMain] o.s.b.w.embedded.tomcat.TomcatWebServer  : Tomcat initialized with port 9000 (http)
2025-12-05 12:19:34.106  INFO 8688 --- [restartedMain] o.apache.catalina.core.StandardService   : Starting service [Tomcat]
2025-12-05 12:19:34.106  INFO 8688 --- [restartedMain] o.apache.catalina.core.StandardEngine    : Starting Servlet engine: [Apache Tomcat/10.1.33]
2025-12-05 12:19:34.181  INFO 8688 --- [restartedMain] o.a.c.c.C.[Tomcat].[localhost].[/]       : Initializing Spring embedded WebApplicationContext
2025-12-05 12:19:34.182  INFO 8688 --- [restartedMain] w.s.c.ServletWebServerApplicationContext : Root WebApplicationContext: initialization completed in 2593 ms
2025-12-05 12:19:34.668  INFO 8688 --- [restartedMain] o.hibernate.jpa.internal.util.LogHelper  : HHH000204: Processing PersistenceUnitInfo [name: default]
2025-12-05 12:19:34.734  INFO 8688 --- [restartedMain] org.hibernate.Version                    : HHH000412: Hibernate ORM core version 6.6.2.Final
2025-12-05 12:19:34.771  INFO 8688 --- [restartedMain] o.h.c.internal.RegionFactoryInitiator    : HHH000026: Second-level cache disabled
2025-12-05 12:19:35.124  INFO 8688 --- [restartedMain] o.s.o.j.p.SpringPersistenceUnitInfo      : No LoadTimeWeaver setup: ignoring JPA class transformer
2025-12-05 12:19:35.159  INFO 8688 --- [restartedMain] com.zaxxer.hikari.HikariDataSource       : MyHikariCP - Starting...
2025-12-05 12:19:35.366  INFO 8688 --- [restartedMain] com.zaxxer.hikari.pool.HikariPool        : MyHikariCP - Added connection org.postgresql.jdbc.PgConnection@213d8a4f
2025-12-05 12:19:35.368  INFO 8688 --- [restartedMain] com.zaxxer.hikari.HikariDataSource       : MyHikariCP - Start completed.
2025-12-05 12:19:35.451  INFO 8688 --- [restartedMain] org.hibernate.orm.connections.pooling    : HHH10001005: Database info:
	Database JDBC URL [Connecting through datasource 'HikariDataSource (MyHikariCP)']
	Database driver: undefined/unknown
	Database version: 18.1
	Autocommit mode: undefined/unknown
	Isolation level: undefined/unknown
	Minimum pool size: undefined/unknown
	Maximum pool size: undefined/unknown
2025-12-05 12:19:35.901  INFO 8688 --- [restartedMain] o.h.e.t.j.p.i.JtaPlatformInitiator       : HHH000489: No JTA platform available (set 'hibernate.transaction.jta.platform' to enable JTA platform integration)
2025-12-05 12:19:35.907  INFO 8688 --- [restartedMain] j.LocalContainerEntityManagerFactoryBean : Initialized JPA EntityManagerFactory for persistence unit 'default'
2025-12-05 12:19:36.489  WARN 8688 --- [restartedMain] JpaBaseConfiguration$JpaWebConfiguration : spring.jpa.open-in-view is enabled by default. Therefore, database queries may be performed during view rendering. Explicitly configure spring.jpa.open-in-view to disable this warning
2025-12-05 12:19:36.619  WARN 8688 --- [restartedMain] .s.s.UserDetailsServiceAutoConfiguration : 

Using generated security password: e24353c5-9c9f-4b19-9e83-305d4e3e1f69

This generated password is for development use only. Your security configuration must be updated before running your application in production.

2025-12-05 12:19:36.632  INFO 8688 --- [restartedMain] r$InitializeUserDetailsManagerConfigurer : Global AuthenticationManager configured with UserDetailsService bean with name inMemoryUserDetailsManager
2025-12-05 12:19:37.712  WARN 8688 --- [restartedMain] ion$DefaultTemplateResolverConfiguration : Cannot find template location: classpath:/templates/ (please add some templates, check your Thymeleaf configuration, or set spring.thymeleaf.check-template-location=false)
2025-12-05 12:19:38.784  INFO 8688 --- [restartedMain] o.s.b.a.e.web.EndpointLinksResolver      : Exposing 1 endpoint beneath base path '/actuator'
2025-12-05 12:19:38.933  INFO 8688 --- [restartedMain] o.s.b.d.a.OptionalLiveReloadServer       : LiveReload server is running on port 35729
2025-12-05 12:19:39.014  INFO 8688 --- [restartedMain] o.s.m.s.b.SimpleBrokerMessageHandler     : Starting...
2025-12-05 12:19:39.016  INFO 8688 --- [restartedMain] o.s.m.s.b.SimpleBrokerMessageHandler     : BrokerAvailabilityEvent[available=true, SimpleBrokerMessageHandler [org.springframework.messaging.simp.broker.DefaultSubscriptionRegistry@6248eb9b]]
2025-12-05 12:19:39.017  INFO 8688 --- [restartedMain] o.s.m.s.b.SimpleBrokerMessageHandler     : Started.
2025-12-05 12:19:39.044  INFO 8688 --- [restartedMain] o.s.b.w.embedded.tomcat.TomcatWebServer  : Tomcat started on port 9000 (http) with context path '/'
2025-12-05 12:19:39.061  INFO 8688 --- [restartedMain] com.instagram.BackEndApplication         : Started BackEndApplication in 8.064 seconds (process running for 9.172)
2025-12-05 12:19:40.037  INFO 8688 --- [RMI TCP Connection(3)-192.168.0.237] o.a.c.c.C.[Tomcat].[localhost].[/]       : Initializing Spring DispatcherServlet 'dispatcherServlet'
2025-12-05 12:19:40.038  INFO 8688 --- [RMI TCP Connection(3)-192.168.0.237] o.s.web.servlet.DispatcherServlet        : Initializing Servlet 'dispatcherServlet'
2025-12-05 12:19:40.040  INFO 8688 --- [RMI TCP Connection(3)-192.168.0.237] o.s.web.servlet.DispatcherServlet        : Completed initialization in 2 ms
2025-12-05 12:20:38.972  INFO 8688 --- [MessageBroker-1] o.s.w.s.c.WebSocketMessageBrokerStats    : WebSocketSession[0 current WS(0)-HttpStream(0)-HttpPoll(0), 0 total, 0 closed abnormally (0 connect failure, 0 send limit, 0 transport error)], stompSubProtocol[processed CONNECT(0)-CONNECTED(0)-DISCONNECT(0)], stompBrokerRelay[null], inboundChannel[pool size = 0, active threads = 0, queued tasks = 0, completed tasks = 0], outboundChannel[pool size = 0, active threads = 0, queued tasks = 0, completed tasks = 0], sockJsScheduler[pool size = 1, active threads = 1, queued tasks = 0, completed tasks = 0]
2025-12-05 12:50:38.987  INFO 8688 --- [MessageBroker-1] o.s.w.s.c.WebSocketMessageBrokerStats    : WebSocketSession[0 current WS(0)-HttpStream(0)-HttpPoll(0), 0 total, 0 closed abnormally (0 connect failure, 0 send limit, 0 transport error)], stompSubProtocol[processed CONNECT(0)-CONNECTED(0)-DISCONNECT(0)], stompBrokerRelay[null], inboundChannel[pool size = 0, active threads = 0, queued tasks = 0, completed tasks = 0], outboundChannel[pool size = 0, active threads = 0, queued tasks = 0, completed tasks = 0], sockJsScheduler[pool size = 2, active threads = 1, queued tasks = 0, completed tasks = 1]
2025-12-05 13:20:39.073  INFO 8688 --- [MessageBroker-2] o.s.w.s.c.WebSocketMessageBrokerStats    : WebSocketSession[0 current WS(0)-HttpStream(0)-HttpPoll(0), 0 total, 0 closed abnormally (0 connect failure, 0 send limit, 0 transport error)], stompSubProtocol[processed CONNECT(0)-CONNECTED(0)-DISCONNECT(0)], stompBrokerRelay[null], inboundChannel[pool size = 0, active threads = 0, queued tasks = 0, completed tasks = 0], outboundChannel[pool size = 0, active threads = 0, queued tasks = 0, completed tasks = 0], sockJsScheduler[pool size = 3, active threads = 1, queued tasks = 0, completed tasks = 2]
2025-12-05 13:50:39.136  INFO 8688 --- [MessageBroker-1] o.s.w.s.c.WebSocketMessageBrokerStats    : WebSocketSession[0 current WS(0)-HttpStream(0)-HttpPoll(0), 0 total, 0 closed abnormally (0 connect failure, 0 send limit, 0 transport error)], stompSubProtocol[processed CONNECT(0)-CONNECTED(0)-DISCONNECT(0)], stompBrokerRelay[null], inboundChannel[pool size = 0, active threads = 0, queued tasks = 0, completed tasks = 0], outboundChannel[pool size = 0, active threads = 0, queued tasks = 0, completed tasks = 0], sockJsScheduler[pool size = 4, active threads = 1, queued tasks = 0, completed tasks = 3]
2025-12-05 14:20:39.154  INFO 8688 --- [MessageBroker-3] o.s.w.s.c.WebSocketMessageBrokerStats    : WebSocketSession[0 current WS(0)-HttpStream(0)-HttpPoll(0), 0 total, 0 closed abnormally (0 connect failure, 0 send limit, 0 transport error)], stompSubProtocol[processed CONNECT(0)-CONNECTED(0)-DISCONNECT(0)], stompBrokerRelay[null], inboundChannel[pool size = 0, active threads = 0, queued tasks = 0, completed tasks = 0], outboundChannel[pool size = 0, active threads = 0, queued tasks = 0, completed tasks = 0], sockJsScheduler[pool size = 4, active threads = 1, queued tasks = 0, completed tasks = 4]
2025-12-05 14:50:39.170  INFO 8688 --- [MessageBroker-3] o.s.w.s.c.WebSocketMessageBrokerStats    : WebSocketSession[0 current WS(0)-HttpStream(0)-HttpPoll(0), 0 total, 0 closed abnormally (0 connect failure, 0 send limit, 0 transport error)], stompSubProtocol[processed CONNECT(0)-CONNECTED(0)-DISCONNECT(0)], stompBrokerRelay[null], inboundChannel[pool size = 0, active threads = 0, queued tasks = 0, completed tasks = 0], outboundChannel[pool size = 0, active threads = 0, queued tasks = 0, completed tasks = 0], sockJsScheduler[pool size = 4, active threads = 1, queued tasks = 0, completed tasks = 5]
2025-12-05 14:56:44.096  INFO 8688 --- [File Watcher] rtingClassPathChangeChangedEventListener : Restarting due to 1 class path change (0 additions, 0 deletions, 1 modification)
2025-12-05 14:56:44.142  INFO 8688 --- [Thread-5] o.s.b.w.e.tomcat.GracefulShutdown        : Commencing graceful shutdown. Waiting for active requests to complete
2025-12-05 14:56:44.165  INFO 8688 --- [tomcat-shutdown] o.s.b.w.e.tomcat.GracefulShutdown        : Graceful shutdown complete
2025-12-05 14:56:44.172  INFO 8688 --- [Thread-5] o.s.m.s.b.SimpleBrokerMessageHandler     : Stopping...
2025-12-05 14:56:44.174  INFO 8688 --- [Thread-5] o.s.m.s.b.SimpleBrokerMessageHandler     : BrokerAvailabilityEvent[available=false, SimpleBrokerMessageHandler [org.springframework.messaging.simp.broker.DefaultSubscriptionRegistry@6248eb9b]]
2025-12-05 14:56:44.174  INFO 8688 --- [Thread-5] o.s.m.s.b.SimpleBrokerMessageHandler     : Stopped.
2025-12-05 14:56:44.187  INFO 8688 --- [Thread-5] j.LocalContainerEntityManagerFactoryBean : Closing JPA EntityManagerFactory for persistence unit 'default'
2025-12-05 14:56:44.196  INFO 8688 --- [Thread-5] com.zaxxer.hikari.HikariDataSource       : MyHikariCP - Shutdown initiated...
2025-12-05 14:56:44.210  INFO 8688 --- [Thread-5] com.zaxxer.hikari.HikariDataSource       : MyHikariCP - Shutdown completed.
2025-12-05 14:56:44.540  INFO 8688 --- [restartedMain] com.instagram.BackEndApplication         : Starting BackEndApplication using Java 21.0.8 with PID 8688 (E:\project\instagram-clone\back-end\build\classes\java\main started by TJ in E:\project\instagram-clone\back-end)
2025-12-05 14:56:44.540  INFO 8688 --- [restartedMain] com.instagram.BackEndApplication         : No active profile set, falling back to 1 default profile: "default"
2025-12-05 14:56:46.162  INFO 8688 --- [restartedMain] .s.d.r.c.RepositoryConfigurationDelegate : Bootstrapping Spring Data JPA repositories in DEFAULT mode.
2025-12-05 14:56:46.173  INFO 8688 --- [restartedMain] .s.d.r.c.RepositoryConfigurationDelegate : Finished Spring Data repository scanning in 8 ms. Found 0 JPA repository interfaces.
2025-12-05 14:56:46.956  INFO 8688 --- [restartedMain] o.s.b.w.embedded.tomcat.TomcatWebServer  : Tomcat initialized with port 9000 (http)
2025-12-05 14:56:46.959  INFO 8688 --- [restartedMain] o.apache.catalina.core.StandardService   : Starting service [Tomcat]
2025-12-05 14:56:46.959  INFO 8688 --- [restartedMain] o.apache.catalina.core.StandardEngine    : Starting Servlet engine: [Apache Tomcat/10.1.33]
2025-12-05 14:56:47.031  INFO 8688 --- [restartedMain] o.a.c.c.C.[Tomcat].[localhost].[/]       : Initializing Spring embedded WebApplicationContext
2025-12-05 14:56:47.032  INFO 8688 --- [restartedMain] w.s.c.ServletWebServerApplicationContext : Root WebApplicationContext: initialization completed in 2488 ms
2025-12-05 14:56:47.792  INFO 8688 --- [restartedMain] o.hibernate.jpa.internal.util.LogHelper  : HHH000204: Processing PersistenceUnitInfo [name: default]
2025-12-05 14:56:47.800  INFO 8688 --- [restartedMain] o.h.c.internal.RegionFactoryInitiator    : HHH000026: Second-level cache disabled
2025-12-05 14:56:47.895  INFO 8688 --- [restartedMain] o.s.o.j.p.SpringPersistenceUnitInfo      : No LoadTimeWeaver setup: ignoring JPA class transformer
2025-12-05 14:56:47.897  INFO 8688 --- [restartedMain] com.zaxxer.hikari.HikariDataSource       : MyHikariCP - Starting...
2025-12-05 14:56:48.480  INFO 8688 --- [restartedMain] com.zaxxer.hikari.pool.HikariPool        : MyHikariCP - Added connection org.postgresql.jdbc.PgConnection@7b6ad0e3
2025-12-05 14:56:48.481  INFO 8688 --- [restartedMain] com.zaxxer.hikari.HikariDataSource       : MyHikariCP - Start completed.
2025-12-05 14:56:48.494  INFO 8688 --- [restartedMain] org.hibernate.orm.connections.pooling    : HHH10001005: Database info:
	Database JDBC URL [Connecting through datasource 'HikariDataSource (MyHikariCP)']
	Database driver: undefined/unknown
	Database version: 18.1
	Autocommit mode: undefined/unknown
	Isolation level: undefined/unknown
	Minimum pool size: undefined/unknown
	Maximum pool size: undefined/unknown
2025-12-05 14:56:48.523  INFO 8688 --- [restartedMain] o.h.e.t.j.p.i.JtaPlatformInitiator       : HHH000489: No JTA platform available (set 'hibernate.transaction.jta.platform' to enable JTA platform integration)
2025-12-05 14:56:48.523  INFO 8688 --- [restartedMain] j.LocalContainerEntityManagerFactoryBean : Initialized JPA EntityManagerFactory for persistence unit 'default'
2025-12-05 14:56:49.209  WARN 8688 --- [restartedMain] JpaBaseConfiguration$JpaWebConfiguration : spring.jpa.open-in-view is enabled by default. Therefore, database queries may be performed during view rendering. Explicitly configure spring.jpa.open-in-view to disable this warning
2025-12-05 14:56:49.394  WARN 8688 --- [restartedMain] .s.s.UserDetailsServiceAutoConfiguration : 

Using generated security password: 110c946b-ed18-4af5-8f1a-f7bf3a32dae7

This generated password is for development use only. Your security configuration must be updated before running your application in production.

2025-12-05 14:56:49.407  INFO 8688 --- [restartedMain] r$InitializeUserDetailsManagerConfigurer : Global AuthenticationManager configured with UserDetailsService bean with name inMemoryUserDetailsManager
2025-12-05 14:56:50.846  WARN 8688 --- [restartedMain] ion$DefaultTemplateResolverConfiguration : Cannot find template location: classpath:/templates/ (please add some templates, check your Thymeleaf configuration, or set spring.thymeleaf.check-template-location=false)
2025-12-05 14:56:52.390  INFO 8688 --- [restartedMain] o.s.b.a.e.web.EndpointLinksResolver      : Exposing 1 endpoint beneath base path '/actuator'
2025-12-05 14:56:52.508  INFO 8688 --- [restartedMain] o.s.b.d.a.OptionalLiveReloadServer       : LiveReload server is running on port 35729
2025-12-05 14:56:52.544  INFO 8688 --- [restartedMain] o.s.m.s.b.SimpleBrokerMessageHandler     : Starting...
2025-12-05 14:56:52.544  INFO 8688 --- [restartedMain] o.s.m.s.b.SimpleBrokerMessageHandler     : BrokerAvailabilityEvent[available=true, SimpleBrokerMessageHandler [org.springframework.messaging.simp.broker.DefaultSubscriptionRegistry@237b7814]]
2025-12-05 14:56:52.544  INFO 8688 --- [restartedMain] o.s.m.s.b.SimpleBrokerMessageHandler     : Started.
2025-12-05 14:56:52.548  INFO 8688 --- [restartedMain] o.s.b.w.embedded.tomcat.TomcatWebServer  : Tomcat started on port 9000 (http) with context path '/'
2025-12-05 14:56:52.560  INFO 8688 --- [restartedMain] com.instagram.BackEndApplication         : Started BackEndApplication in 8.203 seconds (process running for 9442.647)
2025-12-05 14:56:52.563  INFO 8688 --- [restartedMain] .ConditionEvaluationDeltaLoggingListener : Condition evaluation unchanged
2025-12-05 14:56:54.498  INFO 8688 --- [File Watcher] rtingClassPathChangeChangedEventListener : Restarting due to 7 class path changes (0 additions, 0 deletions, 7 modifications)
2025-12-05 14:56:54.502  INFO 8688 --- [Thread-7] o.s.b.w.e.tomcat.GracefulShutdown        : Commencing graceful shutdown. Waiting for active requests to complete
2025-12-05 14:56:54.512  INFO 8688 --- [tomcat-shutdown] o.s.b.w.e.tomcat.GracefulShutdown        : Graceful shutdown complete
2025-12-05 14:56:54.516  INFO 8688 --- [Thread-7] o.s.m.s.b.SimpleBrokerMessageHandler     : Stopping...
2025-12-05 14:56:54.516  INFO 8688 --- [Thread-7] o.s.m.s.b.SimpleBrokerMessageHandler     : BrokerAvailabilityEvent[available=false, SimpleBrokerMessageHandler [org.springframework.messaging.simp.broker.DefaultSubscriptionRegistry@237b7814]]
2025-12-05 14:56:54.516  INFO 8688 --- [Thread-7] o.s.m.s.b.SimpleBrokerMessageHandler     : Stopped.
2025-12-05 14:56:54.525  INFO 8688 --- [Thread-7] j.LocalContainerEntityManagerFactoryBean : Closing JPA EntityManagerFactory for persistence unit 'default'
2025-12-05 14:56:54.527  INFO 8688 --- [Thread-7] com.zaxxer.hikari.HikariDataSource       : MyHikariCP - Shutdown initiated...
2025-12-05 14:56:54.541  INFO 8688 --- [Thread-7] com.zaxxer.hikari.HikariDataSource       : MyHikariCP - Shutdown completed.
2025-12-05 14:56:54.658  INFO 8688 --- [restartedMain] com.instagram.BackEndApplication         : Starting BackEndApplication using Java 21.0.8 with PID 8688 (E:\project\instagram-clone\back-end\build\classes\java\main started by TJ in E:\project\instagram-clone\back-end)
2025-12-05 14:56:54.658  INFO 8688 --- [restartedMain] com.instagram.BackEndApplication         : No active profile set, falling back to 1 default profile: "default"
2025-12-05 14:56:55.203  INFO 8688 --- [restartedMain] .s.d.r.c.RepositoryConfigurationDelegate : Bootstrapping Spring Data JPA repositories in DEFAULT mode.
2025-12-05 14:56:55.208  INFO 8688 --- [restartedMain] .s.d.r.c.RepositoryConfigurationDelegate : Finished Spring Data repository scanning in 4 ms. Found 0 JPA repository interfaces.
2025-12-05 14:56:55.550  INFO 8688 --- [restartedMain] o.s.b.w.embedded.tomcat.TomcatWebServer  : Tomcat initialized with port 9000 (http)
2025-12-05 14:56:55.550  INFO 8688 --- [restartedMain] o.apache.catalina.core.StandardService   : Starting service [Tomcat]
2025-12-05 14:56:55.550  INFO 8688 --- [restartedMain] o.apache.catalina.core.StandardEngine    : Starting Servlet engine: [Apache Tomcat/10.1.33]
2025-12-05 14:56:55.587  INFO 8688 --- [restartedMain] o.a.c.c.C.[Tomcat].[localhost].[/]       : Initializing Spring embedded WebApplicationContext
2025-12-05 14:56:55.587  INFO 8688 --- [restartedMain] w.s.c.ServletWebServerApplicationContext : Root WebApplicationContext: initialization completed in 927 ms
2025-12-05 14:56:55.827  INFO 8688 --- [restartedMain] o.hibernate.jpa.internal.util.LogHelper  : HHH000204: Processing PersistenceUnitInfo [name: default]
2025-12-05 14:56:55.831  INFO 8688 --- [restartedMain] o.h.c.internal.RegionFactoryInitiator    : HHH000026: Second-level cache disabled
2025-12-05 14:56:55.856  INFO 8688 --- [restartedMain] o.s.o.j.p.SpringPersistenceUnitInfo      : No LoadTimeWeaver setup: ignoring JPA class transformer
2025-12-05 14:56:55.858  INFO 8688 --- [restartedMain] com.zaxxer.hikari.HikariDataSource       : MyHikariCP - Starting...
2025-12-05 14:56:56.041  INFO 8688 --- [restartedMain] com.zaxxer.hikari.pool.HikariPool        : MyHikariCP - Added connection org.postgresql.jdbc.PgConnection@784ccc0b
2025-12-05 14:56:56.041  INFO 8688 --- [restartedMain] com.zaxxer.hikari.HikariDataSource       : MyHikariCP - Start completed.
2025-12-05 14:56:56.055  INFO 8688 --- [restartedMain] org.hibernate.orm.connections.pooling    : HHH10001005: Database info:
	Database JDBC URL [Connecting through datasource 'HikariDataSource (MyHikariCP)']
	Database driver: undefined/unknown
	Database version: 18.1
	Autocommit mode: undefined/unknown
	Isolation level: undefined/unknown
	Minimum pool size: undefined/unknown
	Maximum pool size: undefined/unknown
2025-12-05 14:56:56.084  INFO 8688 --- [restartedMain] o.h.e.t.j.p.i.JtaPlatformInitiator       : HHH000489: No JTA platform available (set 'hibernate.transaction.jta.platform' to enable JTA platform integration)
2025-12-05 14:56:56.084  INFO 8688 --- [restartedMain] j.LocalContainerEntityManagerFactoryBean : Initialized JPA EntityManagerFactory for persistence unit 'default'
2025-12-05 14:56:56.389  WARN 8688 --- [restartedMain] JpaBaseConfiguration$JpaWebConfiguration : spring.jpa.open-in-view is enabled by default. Therefore, database queries may be performed during view rendering. Explicitly configure spring.jpa.open-in-view to disable this warning
2025-12-05 14:56:56.491  WARN 8688 --- [restartedMain] .s.s.UserDetailsServiceAutoConfiguration : 

Using generated security password: 10e7efbe-5324-4f5c-aca7-79fb5581f35d

This generated password is for development use only. Your security configuration must be updated before running your application in production.

2025-12-05 14:56:56.496  INFO 8688 --- [restartedMain] r$InitializeUserDetailsManagerConfigurer : Global AuthenticationManager configured with UserDetailsService bean with name inMemoryUserDetailsManager
2025-12-05 14:56:57.214  WARN 8688 --- [restartedMain] ion$DefaultTemplateResolverConfiguration : Cannot find template location: classpath:/templates/ (please add some templates, check your Thymeleaf configuration, or set spring.thymeleaf.check-template-location=false)
2025-12-05 14:56:58.054  INFO 8688 --- [restartedMain] o.s.b.a.e.web.EndpointLinksResolver      : Exposing 1 endpoint beneath base path '/actuator'
2025-12-05 14:56:58.171  INFO 8688 --- [restartedMain] o.s.b.d.a.OptionalLiveReloadServer       : LiveReload server is running on port 35729
2025-12-05 14:56:58.206  INFO 8688 --- [restartedMain] o.s.m.s.b.SimpleBrokerMessageHandler     : Starting...
2025-12-05 14:56:58.207  INFO 8688 --- [restartedMain] o.s.m.s.b.SimpleBrokerMessageHandler     : BrokerAvailabilityEvent[available=true, SimpleBrokerMessageHandler [org.springframework.messaging.simp.broker.DefaultSubscriptionRegistry@19083db7]]
2025-12-05 14:56:58.207  INFO 8688 --- [restartedMain] o.s.m.s.b.SimpleBrokerMessageHandler     : Started.
2025-12-05 14:56:58.211  INFO 8688 --- [restartedMain] o.s.b.w.embedded.tomcat.TomcatWebServer  : Tomcat started on port 9000 (http) with context path '/'
2025-12-05 14:56:58.221  INFO 8688 --- [restartedMain] com.instagram.BackEndApplication         : Started BackEndApplication in 3.607 seconds (process running for 9448.308)
2025-12-05 14:56:58.224  INFO 8688 --- [restartedMain] .ConditionEvaluationDeltaLoggingListener : Condition evaluation unchanged
2025-12-05 14:57:42.058  INFO 8688 --- [http-nio-9000-exec-1] o.a.c.c.C.[Tomcat].[localhost].[/]       : Initializing Spring DispatcherServlet 'dispatcherServlet'
2025-12-05 14:57:42.059  INFO 8688 --- [http-nio-9000-exec-1] o.s.web.servlet.DispatcherServlet        : Initializing Servlet 'dispatcherServlet'
2025-12-05 14:57:42.060  INFO 8688 --- [http-nio-9000-exec-1] o.s.web.servlet.DispatcherServlet        : Completed initialization in 1 ms
2025-12-05 14:57:42.269  INFO 8688 --- [http-nio-9000-exec-2] com.instagram.common.aop.LoggingAspect   : [UserController.signUp()] 요청 / ip : 0:0:0:0:0:0:0:1
2025-12-05 14:57:42.270  INFO 8688 --- [http-nio-9000-exec-2] com.instagram.common.aop.LoggingAspect   : ========== UserServiceImpl.signUp() 서비스 호출 ==========
2025-12-05 14:57:42.275  INFO 8688 --- [http-nio-9000-exec-2] com.instagram.common.aop.LoggingAspect   : Parameter : [User(userId=0, userName=gildong, userEmail=gildong@email.com, userPassword=abc1234, userFullname=홍길동, userAvatar=null, createdAt=null, updatedAt=null)]
2025-12-05 14:57:42.427  INFO 8688 --- [http-nio-9000-exec-2] c.i.user.model.service.UserServiceImpl   : 회원가입 완료 - 이메일: gildong@email.com, 사용자명: gildong
2025-12-05 14:57:42.428  INFO 8688 --- [http-nio-9000-exec-2] com.instagram.common.aop.LoggingAspect   : Running Time : 153ms
2025-12-05 14:57:42.428  INFO 8688 --- [http-nio-9000-exec-2] com.instagram.common.aop.LoggingAspect   : ===================================================================================
2025-12-05 14:57:58.206  INFO 8688 --- [MessageBroker-1] o.s.w.s.c.WebSocketMessageBrokerStats    : WebSocketSession[0 current WS(0)-HttpStream(0)-HttpPoll(0), 0 total, 0 closed abnormally (0 connect failure, 0 send limit, 0 transport error)], stompSubProtocol[processed CONNECT(0)-CONNECTED(0)-DISCONNECT(0)], stompBrokerRelay[null], inboundChannel[pool size = 0, active threads = 0, queued tasks = 0, completed tasks = 0], outboundChannel[pool size = 0, active threads = 0, queued tasks = 0, completed tasks = 0], sockJsScheduler[pool size = 1, active threads = 1, queued tasks = 0, completed tasks = 0]
